<?xml version="1.0" encoding="UTF-8"?>
<!-- Generated by org.testng.reporters.JUnitReportReporter -->
<testsuite skipped="0" hostname="DESKTOP-14D6M7T" name="org.utilities.TestngConcept" tests="4" failures="0" timestamp="21 Sep 2022 08:48:13 GMT" time="60.970" errors="0">
  <testcase name="tc2" time="8.722" classname="org.utilities.TestngConcept"/>
  <testcase name="tc2" time="12.670" classname="org.utilities.TestngConcept"/>
  <testcase name="tc2" time="8.128" classname="org.utilities.TestngConcept"/>
  <testcase name="tc3" time="31.450" classname="org.utilities.TestngConcept"/>
</testsuite> <!-- org.utilities.TestngConcept -->
