<?xml version="1.0" encoding="UTF-8"?>
<!-- Generated by org.testng.reporters.JUnitReportReporter -->
<testsuite skipped="0" hostname="DESKTOP-14D6M7T" name="org.utilities.TestngGroupInclude" tests="4" failures="0" timestamp="06 Sep 2022 11:00:17 GMT" time="102.176" errors="0">
  <testcase name="tc3" time="22.505" classname="org.utilities.TestngGroupInclude"/>
  <testcase name="tc5" time="24.205" classname="org.utilities.TestngGroupInclude"/>
  <testcase name="tc2" time="34.062" classname="org.utilities.TestngGroupInclude"/>
  <testcase name="tc4" time="21.404" classname="org.utilities.TestngGroupInclude"/>
</testsuite> <!-- org.utilities.TestngGroupInclude -->
