<?xml version="1.0" encoding="UTF-8"?>
<!-- Generated by org.testng.reporters.JUnitReportReporter -->
<testsuite skipped="0" hostname="DESKTOP-14D6M7T" name="org.utilities.TestngConcept" tests="4" failures="0" timestamp="02 Sep 2022 16:10:05 GMT" time="64.741" errors="0">
  <testcase name="tc2" time="34.674" classname="org.utilities.TestngConcept"/>
  <testcase name="tc2" time="6.539" classname="org.utilities.TestngConcept"/>
  <testcase name="tc2" time="5.857" classname="org.utilities.TestngConcept"/>
  <testcase name="tc3" time="17.671" classname="org.utilities.TestngConcept"/>
</testsuite> <!-- org.utilities.TestngConcept -->
