<?xml version="1.0" encoding="UTF-8"?>
<!-- Generated by org.testng.reporters.JUnitReportReporter -->
<testsuite skipped="0" hostname="DESKTOP-14D6M7T" name="org.utilities.TestngAssert" tests="3" failures="0" timestamp="04 Sep 2022 06:20:44 GMT" time="75.718" errors="0">
  <testcase name="tc1" time="14.854" classname="org.utilities.TestngAssert"/>
  <testcase name="tc3" time="56.661" classname="org.utilities.TestngAssert"/>
  <testcase name="tc2" time="4.203" classname="org.utilities.TestngAssert"/>
</testsuite> <!-- org.utilities.TestngAssert -->
