<?xml version="1.0" encoding="UTF-8"?>
<!-- Generated by org.testng.reporters.JUnitReportReporter -->
<testsuite skipped="0" hostname="DESKTOP-14D6M7T" name="org.utilities.TestngDataprovider" tests="9" failures="0" timestamp="04 Sep 2022 08:43:18 GMT" time="80.851" errors="0">
  <testcase name="tc2" time="9.904" classname="org.utilities.TestngDataprovider"/>
  <testcase name="tc2" time="8.787" classname="org.utilities.TestngDataprovider"/>
  <testcase name="tc2" time="16.835" classname="org.utilities.TestngDataprovider"/>
  <testcase name="tc3" time="7.723" classname="org.utilities.TestngDataprovider"/>
  <testcase name="tc3" time="7.647" classname="org.utilities.TestngDataprovider"/>
  <testcase name="tc3" time="9.117" classname="org.utilities.TestngDataprovider"/>
  <testcase name="tc1" time="7.008" classname="org.utilities.TestngDataprovider"/>
  <testcase name="tc1" time="6.557" classname="org.utilities.TestngDataprovider"/>
  <testcase name="tc1" time="7.273" classname="org.utilities.TestngDataprovider"/>
</testsuite> <!-- org.utilities.TestngDataprovider -->
